<?xml version="1.0" encoding="UTF-8"?>
<coverage generated="1777761551210" clover="3.2.0">
  <project timestamp="1777761551210" name="All files">
    <metrics statements="19" coveredstatements="11" conditionals="14" coveredconditionals="6" methods="1" coveredmethods="1" elements="34" coveredelements="18" complexity="0" loc="19" ncloc="19" packages="1" files="1" classes="1"/>
    <file name="payment.js" path="C:\Users\USUARIO\Documents\Antigravity\Sonarcloud\src\payment.js">
      <metrics statements="19" coveredstatements="11" conditionals="14" coveredconditionals="6" methods="1" coveredmethods="1"/>
      <line num="7" count="2" type="stmt"/>
      <line num="10" count="2" type="stmt"/>
      <line num="12" count="2" type="cond" truecount="2" falsecount="0"/>
      <line num="13" count="1" type="cond" truecount="1" falsecount="1"/>
      <line num="14" count="1" type="cond" truecount="1" falsecount="1"/>
      <line num="16" count="1" type="stmt"/>
      <line num="18" count="0" type="stmt"/>
      <line num="21" count="0" type="stmt"/>
      <line num="23" count="1" type="cond" truecount="1" falsecount="1"/>
      <line num="24" count="1" type="cond" truecount="1" falsecount="1"/>
      <line num="25" count="0" type="cond" truecount="0" falsecount="2"/>
      <line num="26" count="0" type="stmt"/>
      <line num="28" count="0" type="stmt"/>
      <line num="31" count="1" type="stmt"/>
      <line num="35" count="0" type="cond" truecount="0" falsecount="2"/>
      <line num="36" count="0" type="stmt"/>
      <line num="38" count="0" type="stmt"/>
      <line num="42" count="2" type="stmt"/>
      <line num="45" count="1" type="stmt"/>
    </file>
  </project>
</coverage>
