{"C:\\Users\\USUARIO\\Documents\\Antigravity\\Sonarcloud\\src\\payment.js": {"path":"C:\\Users\\USUARIO\\Documents\\Antigravity\\Sonarcloud\\src\\payment.js","statementMap":{"0":{"start":{"line":7,"column":17},"end":{"line":7,"column":18}},"1":{"start":{"line":10,"column":23},"end":{"line":10,"column":42}},"2":{"start":{"line":12,"column":4},"end":{"line":40,"column":5}},"3":{"start":{"line":13,"column":8},"end":{"line":22,"column":9}},"4":{"start":{"line":14,"column":12},"end":{"line":19,"column":13}},"5":{"start":{"line":16,"column":16},"end":{"line":16,"column":38}},"6":{"start":{"line":18,"column":16},"end":{"line":18,"column":38}},"7":{"start":{"line":21,"column":12},"end":{"line":21,"column":35}},"8":{"start":{"line":23,"column":11},"end":{"line":40,"column":5}},"9":{"start":{"line":24,"column":8},"end":{"line":32,"column":9}},"10":{"start":{"line":25,"column":12},"end":{"line":29,"column":13}},"11":{"start":{"line":26,"column":16},"end":{"line":26,"column":38}},"12":{"start":{"line":28,"column":16},"end":{"line":28,"column":39}},"13":{"start":{"line":31,"column":12},"end":{"line":31,"column":28}},"14":{"start":{"line":35,"column":8},"end":{"line":39,"column":9}},"15":{"start":{"line":36,"column":12},"end":{"line":36,"column":35}},"16":{"start":{"line":38,"column":12},"end":{"line":38,"column":28}},"17":{"start":{"line":42,"column":4},"end":{"line":42,"column":18}},"18":{"start":{"line":45,"column":0},"end":{"line":45,"column":36}}},"fnMap":{"0":{"name":"processPayment","decl":{"start":{"line":6,"column":9},"end":{"line":6,"column":23}},"loc":{"start":{"line":6,"column":55},"end":{"line":43,"column":1}},"line":6}},"branchMap":{"0":{"loc":{"start":{"line":12,"column":4},"end":{"line":40,"column":5}},"type":"if","locations":[{"start":{"line":12,"column":4},"end":{"line":40,"column":5}},{"start":{"line":23,"column":11},"end":{"line":40,"column":5}}],"line":12},"1":{"loc":{"start":{"line":13,"column":8},"end":{"line":22,"column":9}},"type":"if","locations":[{"start":{"line":13,"column":8},"end":{"line":22,"column":9}},{"start":{"line":20,"column":15},"end":{"line":22,"column":9}}],"line":13},"2":{"loc":{"start":{"line":14,"column":12},"end":{"line":19,"column":13}},"type":"if","locations":[{"start":{"line":14,"column":12},"end":{"line":19,"column":13}},{"start":{"line":17,"column":19},"end":{"line":19,"column":13}}],"line":14},"3":{"loc":{"start":{"line":23,"column":11},"end":{"line":40,"column":5}},"type":"if","locations":[{"start":{"line":23,"column":11},"end":{"line":40,"column":5}},{"start":{"line":33,"column":11},"end":{"line":40,"column":5}}],"line":23},"4":{"loc":{"start":{"line":24,"column":8},"end":{"line":32,"column":9}},"type":"if","locations":[{"start":{"line":24,"column":8},"end":{"line":32,"column":9}},{"start":{"line":30,"column":15},"end":{"line":32,"column":9}}],"line":24},"5":{"loc":{"start":{"line":25,"column":12},"end":{"line":29,"column":13}},"type":"if","locations":[{"start":{"line":25,"column":12},"end":{"line":29,"column":13}},{"start":{"line":27,"column":19},"end":{"line":29,"column":13}}],"line":25},"6":{"loc":{"start":{"line":35,"column":8},"end":{"line":39,"column":9}},"type":"if","locations":[{"start":{"line":35,"column":8},"end":{"line":39,"column":9}},{"start":{"line":37,"column":15},"end":{"line":39,"column":9}}],"line":35}},"s":{"0":2,"1":2,"2":2,"3":1,"4":1,"5":1,"6":0,"7":0,"8":1,"9":1,"10":0,"11":0,"12":0,"13":1,"14":0,"15":0,"16":0,"17":2,"18":1},"f":{"0":2},"b":{"0":[1,1],"1":[1,0],"2":[1,0],"3":[1,0],"4":[0,1],"5":[0,0],"6":[0,0]},"_coverageSchema":"1a1c01bbd47fc00a2c39e90264f33305004495a9","hash":"acc97a77c80a7d59cec2679c75225ddcfba7bf29"}
}
